This file contains any messages produced by compilers while
running configure, to aid debugging if configure makes a mistake.

It was created by can-utils configure trunk, which was
generated by GNU Autoconf 2.69.  Invocation command line was

  $ ./configure 

## --------- ##
## Platform. ##
## --------- ##

hostname = localhost.localdomain
uname -m = x86_64
uname -r = 3.10.0-1160.76.1.el7.x86_64
uname -s = Linux
uname -v = #1 SMP Wed Aug 10 16:21:17 UTC 2022

/usr/bin/uname -p = x86_64
/bin/uname -X     = unknown

/bin/arch              = x86_64
/usr/bin/arch -k       = unknown
/usr/convex/getsysinfo = unknown
/usr/bin/hostinfo      = unknown
/bin/machine           = unknown
/usr/bin/oslevel       = unknown
/bin/universe          = unknown

PATH: /home/Anicdote/.nvm/versions/node/v10.24.1/bin
PATH: /usr/local/bin
PATH: /usr/local/sbin
PATH: /usr/bin
PATH: /usr/sbin
PATH: /bin
PATH: /sbin
PATH: /home/Anicdote/.local/bin
PATH: /home/Anicdote/bin


## ----------- ##
## Core tests. ##
## ----------- ##

configure:2404: checking build system type
configure:2418: result: x86_64-unknown-linux-gnu
configure:2438: checking host system type
configure:2451: result: x86_64-unknown-linux-gnu
configure:2527: checking for gcc
configure:2543: found /usr/bin/gcc
configure:2554: result: gcc
configure:2783: checking for C compiler version
configure:2792: gcc --version >&5
gcc (GCC) 4.8.5 20150623 (Red Hat 4.8.5-44)
Copyright (C) 2015 Free Software Foundation, Inc.
This is free software; see the source for copying conditions.  There is NO
warranty; not even for MERCHANTABILITY or FITNESS FOR A PARTICULAR PURPOSE.

configure:2803: $? = 0
configure:2792: gcc -v >&5
Using built-in specs.
COLLECT_GCC=gcc
COLLECT_LTO_WRAPPER=/usr/libexec/gcc/x86_64-redhat-linux/4.8.5/lto-wrapper
Target: x86_64-redhat-linux
Configured with: ../configure --prefix=/usr --mandir=/usr/share/man --infodir=/usr/share/info --with-bugurl=http://bugzilla.redhat.com/bugzilla --enable-bootstrap --enable-shared --enable-threads=posix --enable-checking=release --with-system-zlib --enable-__cxa_atexit --disable-libunwind-exceptions --enable-gnu-unique-object --enable-linker-build-id --with-linker-hash-style=gnu --enable-languages=c,c++,objc,obj-c++,java,fortran,ada,go,lto --enable-plugin --enable-initfini-array --disable-libgcj --with-isl=/builddir/build/BUILD/gcc-4.8.5-20150702/obj-x86_64-redhat-linux/isl-install --with-cloog=/builddir/build/BUILD/gcc-4.8.5-20150702/obj-x86_64-redhat-linux/cloog-install --enable-gnu-indirect-function --with-tune=generic --with-arch_32=x86-64 --build=x86_64-redhat-linux
Thread model: posix
gcc version 4.8.5 20150623 (Red Hat 4.8.5-44) (GCC) 
configure:2803: $? = 0
configure:2792: gcc -V >&5
gcc: error: unrecognized command line option '-V'
gcc: fatal error: no input files
compilation terminated.
configure:2803: $? = 4
configure:2792: gcc -qversion >&5
gcc: error: unrecognized command line option '-qversion'
gcc: fatal error: no input files
compilation terminated.
configure:2803: $? = 4
configure:2823: checking whether the C compiler works
configure:2845: gcc  -Wall   conftest.c  >&5
configure:2849: $? = 0
configure:2897: result: yes
configure:2900: checking for C compiler default output file name
configure:2902: result: a.out
configure:2908: checking for suffix of executables
configure:2915: gcc -o conftest  -Wall   conftest.c  >&5
configure:2919: $? = 0
configure:2941: result: 
configure:2963: checking whether we are cross compiling
configure:2971: gcc -o conftest  -Wall   conftest.c  >&5
configure:2975: $? = 0
configure:2982: ./conftest
configure:2986: $? = 0
configure:3001: result: no
configure:3006: checking for suffix of object files
configure:3028: gcc -c  -Wall  conftest.c >&5
configure:3032: $? = 0
configure:3053: result: o
configure:3057: checking whether we are using the GNU C compiler
configure:3076: gcc -c  -Wall  conftest.c >&5
configure:3076: $? = 0
configure:3085: result: yes
configure:3094: checking whether gcc accepts -g
configure:3114: gcc -c -g  conftest.c >&5
configure:3114: $? = 0
configure:3155: result: yes
configure:3172: checking for gcc option to accept ISO C89
configure:3235: gcc  -c  -Wall  conftest.c >&5
configure:3235: $? = 0
configure:3248: result: none needed
configure:3314: checking how to print strings
configure:3341: result: printf
configure:3362: checking for a sed that does not truncate output
configure:3426: result: /usr/bin/sed
configure:3444: checking for grep that handles long lines and -e
configure:3502: result: /usr/bin/grep
configure:3507: checking for egrep
configure:3569: result: /usr/bin/grep -E
configure:3574: checking for fgrep
configure:3636: result: /usr/bin/grep -F
configure:3671: checking for ld used by gcc
configure:3738: result: /usr/bin/ld
configure:3745: checking if the linker (/usr/bin/ld) is GNU ld
configure:3760: result: yes
configure:3772: checking for BSD- or MS-compatible name lister (nm)
configure:3821: result: /usr/bin/nm -B
configure:3951: checking the name lister (/usr/bin/nm -B) interface
configure:3958: gcc -c  -Wall  conftest.c >&5
configure:3961: /usr/bin/nm -B "conftest.o"
configure:3964: output
0000000000000000 B some_variable
configure:3971: result: BSD nm
configure:3974: checking whether ln -s works
configure:3978: result: yes
configure:3986: checking the maximum length of command line arguments
configure:4116: result: 1572864
configure:4133: checking whether the shell understands some XSI constructs
configure:4143: result: yes
configure:4147: checking whether the shell understands "+="
configure:4153: result: yes
configure:4188: checking how to convert x86_64-unknown-linux-gnu file names to x86_64-unknown-linux-gnu format
configure:4228: result: func_convert_file_noop
configure:4235: checking how to convert x86_64-unknown-linux-gnu file names to toolchain format
configure:4255: result: func_convert_file_noop
configure:4262: checking for /usr/bin/ld option to reload object files
configure:4269: result: -r
configure:4343: checking for objdump
configure:4359: found /usr/bin/objdump
configure:4370: result: objdump
configure:4399: checking how to recognize dependent libraries
configure:4601: result: pass_all
configure:4686: checking for dlltool
configure:4716: result: no
configure:4743: checking how to associate runtime and link libraries
configure:4770: result: printf %s\n
configure:4831: checking for ar
configure:4847: found /usr/bin/ar
configure:4858: result: ar
configure:4895: checking for archiver @FILE support
configure:4912: gcc -c  -Wall  conftest.c >&5
configure:4912: $? = 0
configure:4915: ar cru libconftest.a @conftest.lst >&5
configure:4918: $? = 0
configure:4923: ar cru libconftest.a @conftest.lst >&5
ar: conftest.o: No such file or directory
configure:4926: $? = 1
configure:4938: result: @
configure:4996: checking for strip
configure:5012: found /usr/bin/strip
configure:5023: result: strip
configure:5095: checking for ranlib
configure:5111: found /usr/bin/ranlib
configure:5122: result: ranlib
configure:5199: checking for gawk
configure:5215: found /usr/bin/gawk
configure:5226: result: gawk
configure:5266: checking command to parse /usr/bin/nm -B output from gcc object
configure:5386: gcc -c  -Wall  conftest.c >&5
configure:5389: $? = 0
configure:5393: /usr/bin/nm -B conftest.o \| sed -n -e 's/^.*[ ]\([ABCDGIRSTW][ABCDGIRSTW]*\)[ ][ ]*\([_A-Za-z][_A-Za-z0-9]*\)$/\1 \2 \2/p' | sed '/ __gnu_lto/d' \> conftest.nm
configure:5396: $? = 0
configure:5462: gcc -o conftest  -Wall   conftest.c conftstm.o >&5
configure:5465: $? = 0
configure:5503: result: ok
configure:5540: checking for sysroot
configure:5570: result: no
configure:5647: gcc -c  -Wall  conftest.c >&5
configure:5650: $? = 0
configure:5826: checking for mt
configure:5856: result: no
configure:5876: checking if : is a manifest tool
configure:5882: : '-?'
configure:5890: result: no
configure:6532: checking how to run the C preprocessor
configure:6563: gcc -E  conftest.c
configure:6563: $? = 0
configure:6577: gcc -E  conftest.c
conftest.c:9:28: fatal error: ac_nonexistent.h: No such file or directory
 #include <ac_nonexistent.h>
                            ^
compilation terminated.
configure:6577: $? = 1
configure: failed program was:
| /* confdefs.h */
| #define PACKAGE_NAME "can-utils"
| #define PACKAGE_TARNAME "can-utils"
| #define PACKAGE_VERSION "trunk"
| #define PACKAGE_STRING "can-utils trunk"
| #define PACKAGE_BUGREPORT "linux-can@vger.kernel.org"
| #define PACKAGE_URL ""
| /* end confdefs.h.  */
| #include <ac_nonexistent.h>
configure:6602: result: gcc -E
configure:6622: gcc -E  conftest.c
configure:6622: $? = 0
configure:6636: gcc -E  conftest.c
conftest.c:9:28: fatal error: ac_nonexistent.h: No such file or directory
 #include <ac_nonexistent.h>
                            ^
compilation terminated.
configure:6636: $? = 1
configure: failed program was:
| /* confdefs.h */
| #define PACKAGE_NAME "can-utils"
| #define PACKAGE_TARNAME "can-utils"
| #define PACKAGE_VERSION "trunk"
| #define PACKAGE_STRING "can-utils trunk"
| #define PACKAGE_BUGREPORT "linux-can@vger.kernel.org"
| #define PACKAGE_URL ""
| /* end confdefs.h.  */
| #include <ac_nonexistent.h>
configure:6665: checking for ANSI C header files
configure:6685: gcc -c  -Wall  conftest.c >&5
configure:6685: $? = 0
configure:6758: gcc -o conftest  -Wall   conftest.c  >&5
configure:6758: $? = 0
configure:6758: ./conftest
configure:6758: $? = 0
configure:6769: result: yes
configure:6782: checking for sys/types.h
configure:6782: gcc -c  -Wall  conftest.c >&5
configure:6782: $? = 0
configure:6782: result: yes
configure:6782: checking for sys/stat.h
configure:6782: gcc -c  -Wall  conftest.c >&5
configure:6782: $? = 0
configure:6782: result: yes
configure:6782: checking for stdlib.h
configure:6782: gcc -c  -Wall  conftest.c >&5
configure:6782: $? = 0
configure:6782: result: yes
configure:6782: checking for string.h
configure:6782: gcc -c  -Wall  conftest.c >&5
configure:6782: $? = 0
configure:6782: result: yes
configure:6782: checking for memory.h
configure:6782: gcc -c  -Wall  conftest.c >&5
configure:6782: $? = 0
configure:6782: result: yes
configure:6782: checking for strings.h
configure:6782: gcc -c  -Wall  conftest.c >&5
configure:6782: $? = 0
configure:6782: result: yes
configure:6782: checking for inttypes.h
configure:6782: gcc -c  -Wall  conftest.c >&5
configure:6782: $? = 0
configure:6782: result: yes
configure:6782: checking for stdint.h
configure:6782: gcc -c  -Wall  conftest.c >&5
configure:6782: $? = 0
configure:6782: result: yes
configure:6782: checking for unistd.h
configure:6782: gcc -c  -Wall  conftest.c >&5
configure:6782: $? = 0
configure:6782: result: yes
configure:6796: checking for dlfcn.h
configure:6796: gcc -c  -Wall  conftest.c >&5
configure:6796: $? = 0
configure:6796: result: yes
configure:7300: checking for objdir
configure:7315: result: .libs
configure:7586: checking if gcc supports -fno-rtti -fno-exceptions
configure:7604: gcc -c  -Wall  -fno-rtti -fno-exceptions conftest.c >&5
cc1: warning: command line option '-fno-rtti' is valid for C++/ObjC++ but not for C [enabled by default]
configure:7608: $? = 0
configure:7621: result: no
configure:7948: checking for gcc option to produce PIC
configure:7955: result: -fPIC -DPIC
configure:7963: checking if gcc PIC flag -fPIC -DPIC works
configure:7981: gcc -c  -Wall  -fPIC -DPIC -DPIC conftest.c >&5
configure:7985: $? = 0
configure:7998: result: yes
configure:8027: checking if gcc static flag -static works
configure:8055: result: no
configure:8070: checking if gcc supports -c -o file.o
configure:8091: gcc -c  -Wall  -o out/conftest2.o conftest.c >&5
configure:8095: $? = 0
configure:8117: result: yes
configure:8125: checking if gcc supports -c -o file.o
configure:8172: result: yes
configure:8205: checking whether the gcc linker (/usr/bin/ld -m elf_x86_64) supports shared libraries
configure:9358: result: yes
configure:9395: checking whether -lc should be explicitly linked in
configure:9403: gcc -c  -Wall  conftest.c >&5
configure:9406: $? = 0
configure:9421: gcc -shared  -fPIC -DPIC conftest.o  -v -Wl,-soname -Wl,conftest -o conftest 2\>\&1 \| /usr/bin/grep  -lc  \>/dev/null 2\>\&1
configure:9424: $? = 0
configure:9438: result: no
configure:9598: checking dynamic linker characteristics
configure:10109: gcc -o conftest  -Wall   -Wl,-rpath -Wl,/foo conftest.c  >&5
configure:10109: $? = 0
configure:10335: result: GNU/Linux ld.so
configure:10442: checking how to hardcode library paths into programs
configure:10467: result: immediate
configure:11007: checking whether stripping libraries is possible
configure:11012: result: yes
configure:11047: checking if libtool supports shared libraries
configure:11049: result: yes
configure:11052: checking whether to build shared libraries
configure:11073: result: yes
configure:11076: checking whether to build static libraries
configure:11080: result: yes
configure:11134: checking for a BSD-compatible install
configure:11202: result: /usr/bin/install -c
configure:11213: checking whether build environment is sane
configure:11268: result: yes
configure:11419: checking for a thread-safe mkdir -p
configure:11458: result: /usr/bin/mkdir -p
configure:11461: checking whether make sets $(MAKE)
configure:11483: result: yes
configure:11513: checking for style of include used by make
configure:11541: result: GNU
configure:11575: checking whether make supports nested variables
configure:11592: result: yes
configure:11677: checking dependency style of gcc
configure:11788: result: gcc3
configure:11815: checking whether make supports nested variables
configure:11832: result: yes
configure:11866: checking fcntl.h usability
configure:11866: gcc -c  -Wall  conftest.c >&5
configure:11866: $? = 0
configure:11866: result: yes
configure:11866: checking fcntl.h presence
configure:11866: gcc -E  conftest.c
configure:11866: $? = 0
configure:11866: result: yes
configure:11866: checking for fcntl.h
configure:11866: result: yes
configure:11866: checking limits.h usability
configure:11866: gcc -c  -Wall  conftest.c >&5
configure:11866: $? = 0
configure:11866: result: yes
configure:11866: checking limits.h presence
configure:11866: gcc -E  conftest.c
configure:11866: $? = 0
configure:11866: result: yes
configure:11866: checking for limits.h
configure:11866: result: yes
configure:11866: checking locale.h usability
configure:11866: gcc -c  -Wall  conftest.c >&5
configure:11866: $? = 0
configure:11866: result: yes
configure:11866: checking locale.h presence
configure:11866: gcc -E  conftest.c
configure:11866: $? = 0
configure:11866: result: yes
configure:11866: checking for locale.h
configure:11866: result: yes
configure:11866: checking for stdint.h
configure:11866: result: yes
configure:11866: checking for stdlib.h
configure:11866: result: yes
configure:11866: checking for string.h
configure:11866: result: yes
configure:11866: checking syslog.h usability
configure:11866: gcc -c  -Wall  conftest.c >&5
configure:11866: $? = 0
configure:11866: result: yes
configure:11866: checking syslog.h presence
configure:11866: gcc -E  conftest.c
configure:11866: $? = 0
configure:11866: result: yes
configure:11866: checking for syslog.h
configure:11866: result: yes
configure:11866: checking termios.h usability
configure:11866: gcc -c  -Wall  conftest.c >&5
configure:11866: $? = 0
configure:11866: result: yes
configure:11866: checking termios.h presence
configure:11866: gcc -E  conftest.c
configure:11866: $? = 0
configure:11866: result: yes
configure:11866: checking for termios.h
configure:11866: result: yes
configure:11866: checking for unistd.h
configure:11866: result: yes
configure:11866: checking netinet/in.h usability
configure:11866: gcc -c  -Wall  conftest.c >&5
configure:11866: $? = 0
configure:11866: result: yes
configure:11866: checking netinet/in.h presence
configure:11866: gcc -E  conftest.c
configure:11866: $? = 0
configure:11866: result: yes
configure:11866: checking for netinet/in.h
configure:11866: result: yes
configure:11866: checking sys/ioctl.h usability
configure:11866: gcc -c  -Wall  conftest.c >&5
configure:11866: $? = 0
configure:11866: result: yes
configure:11866: checking sys/ioctl.h presence
configure:11866: gcc -E  conftest.c
configure:11866: $? = 0
configure:11866: result: yes
configure:11866: checking for sys/ioctl.h
configure:11866: result: yes
configure:11866: checking sys/socket.h usability
configure:11866: gcc -c  -Wall  conftest.c >&5
configure:11866: $? = 0
configure:11866: result: yes
configure:11866: checking sys/socket.h presence
configure:11866: gcc -E  conftest.c
configure:11866: $? = 0
configure:11866: result: yes
configure:11866: checking for sys/socket.h
configure:11866: result: yes
configure:11866: checking sys/time.h usability
configure:11866: gcc -c  -Wall  conftest.c >&5
configure:11866: $? = 0
configure:11866: result: yes
configure:11866: checking sys/time.h presence
configure:11866: gcc -E  conftest.c
configure:11866: $? = 0
configure:11866: result: yes
configure:11866: checking for sys/time.h
configure:11866: result: yes
configure:11881: checking for inline
configure:11897: gcc -c  -Wall  conftest.c >&5
configure:11897: $? = 0
configure:11905: result: inline
configure:11930: checking for special C compiler options needed for large files
configure:11975: result: no
configure:11981: checking for _FILE_OFFSET_BITS value needed for large files
configure:12006: gcc -c  -Wall  conftest.c >&5
configure:12006: $? = 0
configure:12038: result: no
configure:12123: checking for off_t
configure:12123: gcc -c  -Wall  conftest.c >&5
configure:12123: $? = 0
configure:12123: gcc -c  -Wall  conftest.c >&5
conftest.c: In function 'main':
conftest.c:72:20: error: expected expression before ')' token
 if (sizeof ((off_t)))
                    ^
configure:12123: $? = 1
configure: failed program was:
| /* confdefs.h */
| #define PACKAGE_NAME "can-utils"
| #define PACKAGE_TARNAME "can-utils"
| #define PACKAGE_VERSION "trunk"
| #define PACKAGE_STRING "can-utils trunk"
| #define PACKAGE_BUGREPORT "linux-can@vger.kernel.org"
| #define PACKAGE_URL ""
| #define STDC_HEADERS 1
| #define HAVE_SYS_TYPES_H 1
| #define HAVE_SYS_STAT_H 1
| #define HAVE_STDLIB_H 1
| #define HAVE_STRING_H 1
| #define HAVE_MEMORY_H 1
| #define HAVE_STRINGS_H 1
| #define HAVE_INTTYPES_H 1
| #define HAVE_STDINT_H 1
| #define HAVE_UNISTD_H 1
| #define HAVE_DLFCN_H 1
| #define LT_OBJDIR ".libs/"
| #define PACKAGE "can-utils"
| #define VERSION "trunk"
| #define HAVE_FCNTL_H 1
| #define HAVE_LIMITS_H 1
| #define HAVE_LOCALE_H 1
| #define HAVE_STDINT_H 1
| #define HAVE_STDLIB_H 1
| #define HAVE_STRING_H 1
| #define HAVE_SYSLOG_H 1
| #define HAVE_TERMIOS_H 1
| #define HAVE_UNISTD_H 1
| #define HAVE_NETINET_IN_H 1
| #define HAVE_SYS_IOCTL_H 1
| #define HAVE_SYS_SOCKET_H 1
| #define HAVE_SYS_TIME_H 1
| /* end confdefs.h.  */
| #include <stdio.h>
| #ifdef HAVE_SYS_TYPES_H
| # include <sys/types.h>
| #endif
| #ifdef HAVE_SYS_STAT_H
| # include <sys/stat.h>
| #endif
| #ifdef STDC_HEADERS
| # include <stdlib.h>
| # include <stddef.h>
| #else
| # ifdef HAVE_STDLIB_H
| #  include <stdlib.h>
| # endif
| #endif
| #ifdef HAVE_STRING_H
| # if !defined STDC_HEADERS && defined HAVE_MEMORY_H
| #  include <memory.h>
| # endif
| # include <string.h>
| #endif
| #ifdef HAVE_STRINGS_H
| # include <strings.h>
| #endif
| #ifdef HAVE_INTTYPES_H
| # include <inttypes.h>
| #endif
| #ifdef HAVE_STDINT_H
| # include <stdint.h>
| #endif
| #ifdef HAVE_UNISTD_H
| # include <unistd.h>
| #endif
| int
| main ()
| {
| if (sizeof ((off_t)))
| 	    return 0;
|   ;
|   return 0;
| }
configure:12123: result: yes
configure:12134: checking for pid_t
configure:12134: gcc -c  -Wall  conftest.c >&5
configure:12134: $? = 0
configure:12134: gcc -c  -Wall  conftest.c >&5
conftest.c: In function 'main':
conftest.c:72:20: error: expected expression before ')' token
 if (sizeof ((pid_t)))
                    ^
configure:12134: $? = 1
configure: failed program was:
| /* confdefs.h */
| #define PACKAGE_NAME "can-utils"
| #define PACKAGE_TARNAME "can-utils"
| #define PACKAGE_VERSION "trunk"
| #define PACKAGE_STRING "can-utils trunk"
| #define PACKAGE_BUGREPORT "linux-can@vger.kernel.org"
| #define PACKAGE_URL ""
| #define STDC_HEADERS 1
| #define HAVE_SYS_TYPES_H 1
| #define HAVE_SYS_STAT_H 1
| #define HAVE_STDLIB_H 1
| #define HAVE_STRING_H 1
| #define HAVE_MEMORY_H 1
| #define HAVE_STRINGS_H 1
| #define HAVE_INTTYPES_H 1
| #define HAVE_STDINT_H 1
| #define HAVE_UNISTD_H 1
| #define HAVE_DLFCN_H 1
| #define LT_OBJDIR ".libs/"
| #define PACKAGE "can-utils"
| #define VERSION "trunk"
| #define HAVE_FCNTL_H 1
| #define HAVE_LIMITS_H 1
| #define HAVE_LOCALE_H 1
| #define HAVE_STDINT_H 1
| #define HAVE_STDLIB_H 1
| #define HAVE_STRING_H 1
| #define HAVE_SYSLOG_H 1
| #define HAVE_TERMIOS_H 1
| #define HAVE_UNISTD_H 1
| #define HAVE_NETINET_IN_H 1
| #define HAVE_SYS_IOCTL_H 1
| #define HAVE_SYS_SOCKET_H 1
| #define HAVE_SYS_TIME_H 1
| /* end confdefs.h.  */
| #include <stdio.h>
| #ifdef HAVE_SYS_TYPES_H
| # include <sys/types.h>
| #endif
| #ifdef HAVE_SYS_STAT_H
| # include <sys/stat.h>
| #endif
| #ifdef STDC_HEADERS
| # include <stdlib.h>
| # include <stddef.h>
| #else
| # ifdef HAVE_STDLIB_H
| #  include <stdlib.h>
| # endif
| #endif
| #ifdef HAVE_STRING_H
| # if !defined STDC_HEADERS && defined HAVE_MEMORY_H
| #  include <memory.h>
| # endif
| # include <string.h>
| #endif
| #ifdef HAVE_STRINGS_H
| # include <strings.h>
| #endif
| #ifdef HAVE_INTTYPES_H
| # include <inttypes.h>
| #endif
| #ifdef HAVE_STDINT_H
| # include <stdint.h>
| #endif
| #ifdef HAVE_UNISTD_H
| # include <unistd.h>
| #endif
| int
| main ()
| {
| if (sizeof ((pid_t)))
| 	    return 0;
|   ;
|   return 0;
| }
configure:12134: result: yes
configure:12145: checking for uint64_t
configure:12145: gcc -c  -Wall  conftest.c >&5
configure:12145: $? = 0
configure:12145: result: yes
configure:12166: checking vfork.h usability
configure:12166: gcc -c  -Wall  conftest.c >&5
conftest.c:69:19: fatal error: vfork.h: No such file or directory
 #include <vfork.h>
                   ^
compilation terminated.
configure:12166: $? = 1
configure: failed program was:
| /* confdefs.h */
| #define PACKAGE_NAME "can-utils"
| #define PACKAGE_TARNAME "can-utils"
| #define PACKAGE_VERSION "trunk"
| #define PACKAGE_STRING "can-utils trunk"
| #define PACKAGE_BUGREPORT "linux-can@vger.kernel.org"
| #define PACKAGE_URL ""
| #define STDC_HEADERS 1
| #define HAVE_SYS_TYPES_H 1
| #define HAVE_SYS_STAT_H 1
| #define HAVE_STDLIB_H 1
| #define HAVE_STRING_H 1
| #define HAVE_MEMORY_H 1
| #define HAVE_STRINGS_H 1
| #define HAVE_INTTYPES_H 1
| #define HAVE_STDINT_H 1
| #define HAVE_UNISTD_H 1
| #define HAVE_DLFCN_H 1
| #define LT_OBJDIR ".libs/"
| #define PACKAGE "can-utils"
| #define VERSION "trunk"
| #define HAVE_FCNTL_H 1
| #define HAVE_LIMITS_H 1
| #define HAVE_LOCALE_H 1
| #define HAVE_STDINT_H 1
| #define HAVE_STDLIB_H 1
| #define HAVE_STRING_H 1
| #define HAVE_SYSLOG_H 1
| #define HAVE_TERMIOS_H 1
| #define HAVE_UNISTD_H 1
| #define HAVE_NETINET_IN_H 1
| #define HAVE_SYS_IOCTL_H 1
| #define HAVE_SYS_SOCKET_H 1
| #define HAVE_SYS_TIME_H 1
| /* end confdefs.h.  */
| #include <stdio.h>
| #ifdef HAVE_SYS_TYPES_H
| # include <sys/types.h>
| #endif
| #ifdef HAVE_SYS_STAT_H
| # include <sys/stat.h>
| #endif
| #ifdef STDC_HEADERS
| # include <stdlib.h>
| # include <stddef.h>
| #else
| # ifdef HAVE_STDLIB_H
| #  include <stdlib.h>
| # endif
| #endif
| #ifdef HAVE_STRING_H
| # if !defined STDC_HEADERS && defined HAVE_MEMORY_H
| #  include <memory.h>
| # endif
| # include <string.h>
| #endif
| #ifdef HAVE_STRINGS_H
| # include <strings.h>
| #endif
| #ifdef HAVE_INTTYPES_H
| # include <inttypes.h>
| #endif
| #ifdef HAVE_STDINT_H
| # include <stdint.h>
| #endif
| #ifdef HAVE_UNISTD_H
| # include <unistd.h>
| #endif
| #include <vfork.h>
configure:12166: result: no
configure:12166: checking vfork.h presence
configure:12166: gcc -E  conftest.c
conftest.c:36:19: fatal error: vfork.h: No such file or directory
 #include <vfork.h>
                   ^
compilation terminated.
configure:12166: $? = 1
configure: failed program was:
| /* confdefs.h */
| #define PACKAGE_NAME "can-utils"
| #define PACKAGE_TARNAME "can-utils"
| #define PACKAGE_VERSION "trunk"
| #define PACKAGE_STRING "can-utils trunk"
| #define PACKAGE_BUGREPORT "linux-can@vger.kernel.org"
| #define PACKAGE_URL ""
| #define STDC_HEADERS 1
| #define HAVE_SYS_TYPES_H 1
| #define HAVE_SYS_STAT_H 1
| #define HAVE_STDLIB_H 1
| #define HAVE_STRING_H 1
| #define HAVE_MEMORY_H 1
| #define HAVE_STRINGS_H 1
| #define HAVE_INTTYPES_H 1
| #define HAVE_STDINT_H 1
| #define HAVE_UNISTD_H 1
| #define HAVE_DLFCN_H 1
| #define LT_OBJDIR ".libs/"
| #define PACKAGE "can-utils"
| #define VERSION "trunk"
| #define HAVE_FCNTL_H 1
| #define HAVE_LIMITS_H 1
| #define HAVE_LOCALE_H 1
| #define HAVE_STDINT_H 1
| #define HAVE_STDLIB_H 1
| #define HAVE_STRING_H 1
| #define HAVE_SYSLOG_H 1
| #define HAVE_TERMIOS_H 1
| #define HAVE_UNISTD_H 1
| #define HAVE_NETINET_IN_H 1
| #define HAVE_SYS_IOCTL_H 1
| #define HAVE_SYS_SOCKET_H 1
| #define HAVE_SYS_TIME_H 1
| /* end confdefs.h.  */
| #include <vfork.h>
configure:12166: result: no
configure:12166: checking for vfork.h
configure:12166: result: no
configure:12179: checking for fork
configure:12179: gcc -o conftest  -Wall   conftest.c  >&5
conftest.c:59:6: warning: conflicting types for built-in function 'fork' [enabled by default]
 char fork ();
      ^
configure:12179: $? = 0
configure:12179: result: yes
configure:12179: checking for vfork
configure:12179: gcc -o conftest  -Wall   conftest.c  >&5
configure:12179: $? = 0
configure:12179: result: yes
configure:12189: checking for working fork
configure:12211: gcc -o conftest  -Wall   conftest.c  >&5
configure:12211: $? = 0
configure:12211: ./conftest
configure:12211: $? = 0
configure:12221: result: yes
configure:12242: checking for working vfork
configure:12352: result: yes
configure:12377: checking whether time.h and sys/time.h may both be included
configure:12397: gcc -c  -Wall  conftest.c >&5
configure:12397: $? = 0
configure:12404: result: yes
configure:12418: checking for sys/time.h
configure:12418: result: yes
configure:12418: checking for unistd.h
configure:12418: result: yes
configure:12439: checking for alarm
configure:12439: gcc -o conftest  -Wall   conftest.c  >&5
configure:12439: $? = 0
configure:12439: result: yes
configure:12452: checking for working mktime
configure:12654: gcc -o conftest  -Wall   conftest.c  >&5
configure:12654: $? = 0
configure:12654: ./conftest
configure:12654: $? = 0
configure:12664: result: yes
configure:12690: checking for alarm
configure:12690: result: yes
configure:12690: checking for gettimeofday
configure:12690: gcc -o conftest  -Wall   conftest.c  >&5
configure:12690: $? = 0
configure:12690: result: yes
configure:12690: checking for localtime_r
configure:12690: gcc -o conftest  -Wall   conftest.c  >&5
configure:12690: $? = 0
configure:12690: result: yes
configure:12690: checking for memset
configure:12690: gcc -o conftest  -Wall   conftest.c  >&5
conftest.c:70:6: warning: conflicting types for built-in function 'memset' [enabled by default]
 char memset ();
      ^
configure:12690: $? = 0
configure:12690: result: yes
configure:12690: checking for select
configure:12690: gcc -o conftest  -Wall   conftest.c  >&5
configure:12690: $? = 0
configure:12690: result: yes
configure:12690: checking for setlocale
configure:12690: gcc -o conftest  -Wall   conftest.c  >&5
configure:12690: $? = 0
configure:12690: result: yes
configure:12690: checking for socket
configure:12690: gcc -o conftest  -Wall   conftest.c  >&5
configure:12690: $? = 0
configure:12690: result: yes
configure:12690: checking for strchr
configure:12690: gcc -o conftest  -Wall   conftest.c  >&5
conftest.c:74:6: warning: conflicting types for built-in function 'strchr' [enabled by default]
 char strchr ();
      ^
configure:12690: $? = 0
configure:12690: result: yes
configure:12690: checking for strerror
configure:12690: gcc -o conftest  -Wall   conftest.c  >&5
configure:12690: $? = 0
configure:12690: result: yes
configure:12690: checking for strstr
configure:12690: gcc -o conftest  -Wall   conftest.c  >&5
conftest.c:76:6: warning: conflicting types for built-in function 'strstr' [enabled by default]
 char strstr ();
      ^
configure:12690: $? = 0
configure:12690: result: yes
configure:12690: checking for strtoul
configure:12690: gcc -o conftest  -Wall   conftest.c  >&5
configure:12690: $? = 0
configure:12690: result: yes
configure:12701: checking for library containing clock_nanosleep
configure:12732: gcc -o conftest  -Wall   conftest.c  >&5
configure:12732: $? = 0
configure:12749: result: none required
configure:12758: checking whether SO_RXQ_OVFL is declared
configure:12758: gcc -c  -Wall  conftest.c >&5
conftest.c: In function 'main':
conftest.c:95:10: error: 'SO_RXQ_OVFL' undeclared (first use in this function)
   (void) SO_RXQ_OVFL;
          ^
conftest.c:95:10: note: each undeclared identifier is reported only once for each function it appears in
configure:12758: $? = 1
configure: failed program was:
| /* confdefs.h */
| #define PACKAGE_NAME "can-utils"
| #define PACKAGE_TARNAME "can-utils"
| #define PACKAGE_VERSION "trunk"
| #define PACKAGE_STRING "can-utils trunk"
| #define PACKAGE_BUGREPORT "linux-can@vger.kernel.org"
| #define PACKAGE_URL ""
| #define STDC_HEADERS 1
| #define HAVE_SYS_TYPES_H 1
| #define HAVE_SYS_STAT_H 1
| #define HAVE_STDLIB_H 1
| #define HAVE_STRING_H 1
| #define HAVE_MEMORY_H 1
| #define HAVE_STRINGS_H 1
| #define HAVE_INTTYPES_H 1
| #define HAVE_STDINT_H 1
| #define HAVE_UNISTD_H 1
| #define HAVE_DLFCN_H 1
| #define LT_OBJDIR ".libs/"
| #define PACKAGE "can-utils"
| #define VERSION "trunk"
| #define HAVE_FCNTL_H 1
| #define HAVE_LIMITS_H 1
| #define HAVE_LOCALE_H 1
| #define HAVE_STDINT_H 1
| #define HAVE_STDLIB_H 1
| #define HAVE_STRING_H 1
| #define HAVE_SYSLOG_H 1
| #define HAVE_TERMIOS_H 1
| #define HAVE_UNISTD_H 1
| #define HAVE_NETINET_IN_H 1
| #define HAVE_SYS_IOCTL_H 1
| #define HAVE_SYS_SOCKET_H 1
| #define HAVE_SYS_TIME_H 1
| #define HAVE_FORK 1
| #define HAVE_VFORK 1
| #define HAVE_WORKING_VFORK 1
| #define HAVE_WORKING_FORK 1
| #define TIME_WITH_SYS_TIME 1
| #define HAVE_SYS_TIME_H 1
| #define HAVE_UNISTD_H 1
| #define HAVE_ALARM 1
| #define HAVE_ALARM 1
| #define HAVE_GETTIMEOFDAY 1
| #define HAVE_LOCALTIME_R 1
| #define HAVE_MEMSET 1
| #define HAVE_SELECT 1
| #define HAVE_SETLOCALE 1
| #define HAVE_SOCKET 1
| #define HAVE_STRCHR 1
| #define HAVE_STRERROR 1
| #define HAVE_STRSTR 1
| #define HAVE_STRTOUL 1
| /* end confdefs.h.  */
| #include <stdio.h>
| #ifdef HAVE_SYS_TYPES_H
| # include <sys/types.h>
| #endif
| #ifdef HAVE_SYS_STAT_H
| # include <sys/stat.h>
| #endif
| #ifdef STDC_HEADERS
| # include <stdlib.h>
| # include <stddef.h>
| #else
| # ifdef HAVE_STDLIB_H
| #  include <stdlib.h>
| # endif
| #endif
| #ifdef HAVE_STRING_H
| # if !defined STDC_HEADERS && defined HAVE_MEMORY_H
| #  include <memory.h>
| # endif
| # include <string.h>
| #endif
| #ifdef HAVE_STRINGS_H
| # include <strings.h>
| #endif
| #ifdef HAVE_INTTYPES_H
| # include <inttypes.h>
| #endif
| #ifdef HAVE_STDINT_H
| # include <stdint.h>
| #endif
| #ifdef HAVE_UNISTD_H
| # include <unistd.h>
| #endif
| int
| main ()
| {
| #ifndef SO_RXQ_OVFL
| #ifdef __cplusplus
|   (void) SO_RXQ_OVFL;
| #else
|   (void) SO_RXQ_OVFL;
| #endif
| #endif
| 
|   ;
|   return 0;
| }
configure:12758: result: no
configure:12768: checking whether PF_CAN is declared
configure:12768: gcc -c  -Wall  conftest.c >&5
conftest.c: In function 'main':
conftest.c:96:10: error: 'PF_CAN' undeclared (first use in this function)
   (void) PF_CAN;
          ^
conftest.c:96:10: note: each undeclared identifier is reported only once for each function it appears in
configure:12768: $? = 1
configure: failed program was:
| /* confdefs.h */
| #define PACKAGE_NAME "can-utils"
| #define PACKAGE_TARNAME "can-utils"
| #define PACKAGE_VERSION "trunk"
| #define PACKAGE_STRING "can-utils trunk"
| #define PACKAGE_BUGREPORT "linux-can@vger.kernel.org"
| #define PACKAGE_URL ""
| #define STDC_HEADERS 1
| #define HAVE_SYS_TYPES_H 1
| #define HAVE_SYS_STAT_H 1
| #define HAVE_STDLIB_H 1
| #define HAVE_STRING_H 1
| #define HAVE_MEMORY_H 1
| #define HAVE_STRINGS_H 1
| #define HAVE_INTTYPES_H 1
| #define HAVE_STDINT_H 1
| #define HAVE_UNISTD_H 1
| #define HAVE_DLFCN_H 1
| #define LT_OBJDIR ".libs/"
| #define PACKAGE "can-utils"
| #define VERSION "trunk"
| #define HAVE_FCNTL_H 1
| #define HAVE_LIMITS_H 1
| #define HAVE_LOCALE_H 1
| #define HAVE_STDINT_H 1
| #define HAVE_STDLIB_H 1
| #define HAVE_STRING_H 1
| #define HAVE_SYSLOG_H 1
| #define HAVE_TERMIOS_H 1
| #define HAVE_UNISTD_H 1
| #define HAVE_NETINET_IN_H 1
| #define HAVE_SYS_IOCTL_H 1
| #define HAVE_SYS_SOCKET_H 1
| #define HAVE_SYS_TIME_H 1
| #define HAVE_FORK 1
| #define HAVE_VFORK 1
| #define HAVE_WORKING_VFORK 1
| #define HAVE_WORKING_FORK 1
| #define TIME_WITH_SYS_TIME 1
| #define HAVE_SYS_TIME_H 1
| #define HAVE_UNISTD_H 1
| #define HAVE_ALARM 1
| #define HAVE_ALARM 1
| #define HAVE_GETTIMEOFDAY 1
| #define HAVE_LOCALTIME_R 1
| #define HAVE_MEMSET 1
| #define HAVE_SELECT 1
| #define HAVE_SETLOCALE 1
| #define HAVE_SOCKET 1
| #define HAVE_STRCHR 1
| #define HAVE_STRERROR 1
| #define HAVE_STRSTR 1
| #define HAVE_STRTOUL 1
| #define SO_RXQ_OVFL 40
| /* end confdefs.h.  */
| #include <stdio.h>
| #ifdef HAVE_SYS_TYPES_H
| # include <sys/types.h>
| #endif
| #ifdef HAVE_SYS_STAT_H
| # include <sys/stat.h>
| #endif
| #ifdef STDC_HEADERS
| # include <stdlib.h>
| # include <stddef.h>
| #else
| # ifdef HAVE_STDLIB_H
| #  include <stdlib.h>
| # endif
| #endif
| #ifdef HAVE_STRING_H
| # if !defined STDC_HEADERS && defined HAVE_MEMORY_H
| #  include <memory.h>
| # endif
| # include <string.h>
| #endif
| #ifdef HAVE_STRINGS_H
| # include <strings.h>
| #endif
| #ifdef HAVE_INTTYPES_H
| # include <inttypes.h>
| #endif
| #ifdef HAVE_STDINT_H
| # include <stdint.h>
| #endif
| #ifdef HAVE_UNISTD_H
| # include <unistd.h>
| #endif
| int
| main ()
| {
| #ifndef PF_CAN
| #ifdef __cplusplus
|   (void) PF_CAN;
| #else
|   (void) PF_CAN;
| #endif
| #endif
| 
|   ;
|   return 0;
| }
configure:12768: result: no
configure:12778: checking whether AF_CAN is declared
configure:12778: gcc -c  -Wall  conftest.c >&5
conftest.c: In function 'main':
conftest.c:97:10: error: 'AF_CAN' undeclared (first use in this function)
   (void) AF_CAN;
          ^
conftest.c:97:10: note: each undeclared identifier is reported only once for each function it appears in
configure:12778: $? = 1
configure: failed program was:
| /* confdefs.h */
| #define PACKAGE_NAME "can-utils"
| #define PACKAGE_TARNAME "can-utils"
| #define PACKAGE_VERSION "trunk"
| #define PACKAGE_STRING "can-utils trunk"
| #define PACKAGE_BUGREPORT "linux-can@vger.kernel.org"
| #define PACKAGE_URL ""
| #define STDC_HEADERS 1
| #define HAVE_SYS_TYPES_H 1
| #define HAVE_SYS_STAT_H 1
| #define HAVE_STDLIB_H 1
| #define HAVE_STRING_H 1
| #define HAVE_MEMORY_H 1
| #define HAVE_STRINGS_H 1
| #define HAVE_INTTYPES_H 1
| #define HAVE_STDINT_H 1
| #define HAVE_UNISTD_H 1
| #define HAVE_DLFCN_H 1
| #define LT_OBJDIR ".libs/"
| #define PACKAGE "can-utils"
| #define VERSION "trunk"
| #define HAVE_FCNTL_H 1
| #define HAVE_LIMITS_H 1
| #define HAVE_LOCALE_H 1
| #define HAVE_STDINT_H 1
| #define HAVE_STDLIB_H 1
| #define HAVE_STRING_H 1
| #define HAVE_SYSLOG_H 1
| #define HAVE_TERMIOS_H 1
| #define HAVE_UNISTD_H 1
| #define HAVE_NETINET_IN_H 1
| #define HAVE_SYS_IOCTL_H 1
| #define HAVE_SYS_SOCKET_H 1
| #define HAVE_SYS_TIME_H 1
| #define HAVE_FORK 1
| #define HAVE_VFORK 1
| #define HAVE_WORKING_VFORK 1
| #define HAVE_WORKING_FORK 1
| #define TIME_WITH_SYS_TIME 1
| #define HAVE_SYS_TIME_H 1
| #define HAVE_UNISTD_H 1
| #define HAVE_ALARM 1
| #define HAVE_ALARM 1
| #define HAVE_GETTIMEOFDAY 1
| #define HAVE_LOCALTIME_R 1
| #define HAVE_MEMSET 1
| #define HAVE_SELECT 1
| #define HAVE_SETLOCALE 1
| #define HAVE_SOCKET 1
| #define HAVE_STRCHR 1
| #define HAVE_STRERROR 1
| #define HAVE_STRSTR 1
| #define HAVE_STRTOUL 1
| #define SO_RXQ_OVFL 40
| #define PF_CAN 29
| /* end confdefs.h.  */
| #include <stdio.h>
| #ifdef HAVE_SYS_TYPES_H
| # include <sys/types.h>
| #endif
| #ifdef HAVE_SYS_STAT_H
| # include <sys/stat.h>
| #endif
| #ifdef STDC_HEADERS
| # include <stdlib.h>
| # include <stddef.h>
| #else
| # ifdef HAVE_STDLIB_H
| #  include <stdlib.h>
| # endif
| #endif
| #ifdef HAVE_STRING_H
| # if !defined STDC_HEADERS && defined HAVE_MEMORY_H
| #  include <memory.h>
| # endif
| # include <string.h>
| #endif
| #ifdef HAVE_STRINGS_H
| # include <strings.h>
| #endif
| #ifdef HAVE_INTTYPES_H
| # include <inttypes.h>
| #endif
| #ifdef HAVE_STDINT_H
| # include <stdint.h>
| #endif
| #ifdef HAVE_UNISTD_H
| # include <unistd.h>
| #endif
| int
| main ()
| {
| #ifndef AF_CAN
| #ifdef __cplusplus
|   (void) AF_CAN;
| #else
|   (void) AF_CAN;
| #endif
| #endif
| 
|   ;
|   return 0;
| }
configure:12778: result: no
configure:12788: checking whether N_SLCAN is declared
configure:12788: gcc -c  -Wall  conftest.c >&5
conftest.c: In function 'main':
conftest.c:98:10: error: 'N_SLCAN' undeclared (first use in this function)
   (void) N_SLCAN;
          ^
conftest.c:98:10: note: each undeclared identifier is reported only once for each function it appears in
configure:12788: $? = 1
configure: failed program was:
| /* confdefs.h */
| #define PACKAGE_NAME "can-utils"
| #define PACKAGE_TARNAME "can-utils"
| #define PACKAGE_VERSION "trunk"
| #define PACKAGE_STRING "can-utils trunk"
| #define PACKAGE_BUGREPORT "linux-can@vger.kernel.org"
| #define PACKAGE_URL ""
| #define STDC_HEADERS 1
| #define HAVE_SYS_TYPES_H 1
| #define HAVE_SYS_STAT_H 1
| #define HAVE_STDLIB_H 1
| #define HAVE_STRING_H 1
| #define HAVE_MEMORY_H 1
| #define HAVE_STRINGS_H 1
| #define HAVE_INTTYPES_H 1
| #define HAVE_STDINT_H 1
| #define HAVE_UNISTD_H 1
| #define HAVE_DLFCN_H 1
| #define LT_OBJDIR ".libs/"
| #define PACKAGE "can-utils"
| #define VERSION "trunk"
| #define HAVE_FCNTL_H 1
| #define HAVE_LIMITS_H 1
| #define HAVE_LOCALE_H 1
| #define HAVE_STDINT_H 1
| #define HAVE_STDLIB_H 1
| #define HAVE_STRING_H 1
| #define HAVE_SYSLOG_H 1
| #define HAVE_TERMIOS_H 1
| #define HAVE_UNISTD_H 1
| #define HAVE_NETINET_IN_H 1
| #define HAVE_SYS_IOCTL_H 1
| #define HAVE_SYS_SOCKET_H 1
| #define HAVE_SYS_TIME_H 1
| #define HAVE_FORK 1
| #define HAVE_VFORK 1
| #define HAVE_WORKING_VFORK 1
| #define HAVE_WORKING_FORK 1
| #define TIME_WITH_SYS_TIME 1
| #define HAVE_SYS_TIME_H 1
| #define HAVE_UNISTD_H 1
| #define HAVE_ALARM 1
| #define HAVE_ALARM 1
| #define HAVE_GETTIMEOFDAY 1
| #define HAVE_LOCALTIME_R 1
| #define HAVE_MEMSET 1
| #define HAVE_SELECT 1
| #define HAVE_SETLOCALE 1
| #define HAVE_SOCKET 1
| #define HAVE_STRCHR 1
| #define HAVE_STRERROR 1
| #define HAVE_STRSTR 1
| #define HAVE_STRTOUL 1
| #define SO_RXQ_OVFL 40
| #define PF_CAN 29
| #define AF_CAN PF_CAN
| /* end confdefs.h.  */
| #include <stdio.h>
| #ifdef HAVE_SYS_TYPES_H
| # include <sys/types.h>
| #endif
| #ifdef HAVE_SYS_STAT_H
| # include <sys/stat.h>
| #endif
| #ifdef STDC_HEADERS
| # include <stdlib.h>
| # include <stddef.h>
| #else
| # ifdef HAVE_STDLIB_H
| #  include <stdlib.h>
| # endif
| #endif
| #ifdef HAVE_STRING_H
| # if !defined STDC_HEADERS && defined HAVE_MEMORY_H
| #  include <memory.h>
| # endif
| # include <string.h>
| #endif
| #ifdef HAVE_STRINGS_H
| # include <strings.h>
| #endif
| #ifdef HAVE_INTTYPES_H
| # include <inttypes.h>
| #endif
| #ifdef HAVE_STDINT_H
| # include <stdint.h>
| #endif
| #ifdef HAVE_UNISTD_H
| # include <unistd.h>
| #endif
| int
| main ()
| {
| #ifndef N_SLCAN
| #ifdef __cplusplus
|   (void) N_SLCAN;
| #else
|   (void) N_SLCAN;
| #endif
| #endif
| 
|   ;
|   return 0;
| }
configure:12788: result: no
configure:12798: checking whether SCM_TIMESTAMPING_OPT_STATS is declared
configure:12798: gcc -c  -Wall  conftest.c >&5
conftest.c: In function 'main':
conftest.c:99:10: error: 'SCM_TIMESTAMPING_OPT_STATS' undeclared (first use in this function)
   (void) SCM_TIMESTAMPING_OPT_STATS;
          ^
conftest.c:99:10: note: each undeclared identifier is reported only once for each function it appears in
configure:12798: $? = 1
configure: failed program was:
| /* confdefs.h */
| #define PACKAGE_NAME "can-utils"
| #define PACKAGE_TARNAME "can-utils"
| #define PACKAGE_VERSION "trunk"
| #define PACKAGE_STRING "can-utils trunk"
| #define PACKAGE_BUGREPORT "linux-can@vger.kernel.org"
| #define PACKAGE_URL ""
| #define STDC_HEADERS 1
| #define HAVE_SYS_TYPES_H 1
| #define HAVE_SYS_STAT_H 1
| #define HAVE_STDLIB_H 1
| #define HAVE_STRING_H 1
| #define HAVE_MEMORY_H 1
| #define HAVE_STRINGS_H 1
| #define HAVE_INTTYPES_H 1
| #define HAVE_STDINT_H 1
| #define HAVE_UNISTD_H 1
| #define HAVE_DLFCN_H 1
| #define LT_OBJDIR ".libs/"
| #define PACKAGE "can-utils"
| #define VERSION "trunk"
| #define HAVE_FCNTL_H 1
| #define HAVE_LIMITS_H 1
| #define HAVE_LOCALE_H 1
| #define HAVE_STDINT_H 1
| #define HAVE_STDLIB_H 1
| #define HAVE_STRING_H 1
| #define HAVE_SYSLOG_H 1
| #define HAVE_TERMIOS_H 1
| #define HAVE_UNISTD_H 1
| #define HAVE_NETINET_IN_H 1
| #define HAVE_SYS_IOCTL_H 1
| #define HAVE_SYS_SOCKET_H 1
| #define HAVE_SYS_TIME_H 1
| #define HAVE_FORK 1
| #define HAVE_VFORK 1
| #define HAVE_WORKING_VFORK 1
| #define HAVE_WORKING_FORK 1
| #define TIME_WITH_SYS_TIME 1
| #define HAVE_SYS_TIME_H 1
| #define HAVE_UNISTD_H 1
| #define HAVE_ALARM 1
| #define HAVE_ALARM 1
| #define HAVE_GETTIMEOFDAY 1
| #define HAVE_LOCALTIME_R 1
| #define HAVE_MEMSET 1
| #define HAVE_SELECT 1
| #define HAVE_SETLOCALE 1
| #define HAVE_SOCKET 1
| #define HAVE_STRCHR 1
| #define HAVE_STRERROR 1
| #define HAVE_STRSTR 1
| #define HAVE_STRTOUL 1
| #define SO_RXQ_OVFL 40
| #define PF_CAN 29
| #define AF_CAN PF_CAN
| #define N_SLCAN 17
| /* end confdefs.h.  */
| #include <stdio.h>
| #ifdef HAVE_SYS_TYPES_H
| # include <sys/types.h>
| #endif
| #ifdef HAVE_SYS_STAT_H
| # include <sys/stat.h>
| #endif
| #ifdef STDC_HEADERS
| # include <stdlib.h>
| # include <stddef.h>
| #else
| # ifdef HAVE_STDLIB_H
| #  include <stdlib.h>
| # endif
| #endif
| #ifdef HAVE_STRING_H
| # if !defined STDC_HEADERS && defined HAVE_MEMORY_H
| #  include <memory.h>
| # endif
| # include <string.h>
| #endif
| #ifdef HAVE_STRINGS_H
| # include <strings.h>
| #endif
| #ifdef HAVE_INTTYPES_H
| # include <inttypes.h>
| #endif
| #ifdef HAVE_STDINT_H
| # include <stdint.h>
| #endif
| #ifdef HAVE_UNISTD_H
| # include <unistd.h>
| #endif
| int
| main ()
| {
| #ifndef SCM_TIMESTAMPING_OPT_STATS
| #ifdef __cplusplus
|   (void) SCM_TIMESTAMPING_OPT_STATS;
| #else
|   (void) SCM_TIMESTAMPING_OPT_STATS;
| #endif
| #endif
| 
|   ;
|   return 0;
| }
configure:12798: result: no
configure:12815: checking whether to enable debugging
configure:12827: result: no
configure:12986: checking that generated files are newer than configure
configure:12992: result: done
configure:13015: creating ./config.status

## ---------------------- ##
## Running config.status. ##
## ---------------------- ##

This file was extended by can-utils config.status trunk, which was
generated by GNU Autoconf 2.69.  Invocation command line was

  CONFIG_FILES    = 
  CONFIG_HEADERS  = 
  CONFIG_LINKS    = 
  CONFIG_COMMANDS = 
  $ ./config.status 

on localhost.localdomain

config.status:1009: creating GNUmakefile
config.status:1181: executing libtool commands
config.status:1181: executing depfiles commands

## ---------------- ##
## Cache variables. ##
## ---------------- ##

ac_cv_build=x86_64-unknown-linux-gnu
ac_cv_c_compiler_gnu=yes
ac_cv_c_inline=inline
ac_cv_c_uint64_t=yes
ac_cv_env_CC_set=
ac_cv_env_CC_value=
ac_cv_env_CFLAGS_set=
ac_cv_env_CFLAGS_value=
ac_cv_env_CPPFLAGS_set=
ac_cv_env_CPPFLAGS_value=
ac_cv_env_CPP_set=
ac_cv_env_CPP_value=
ac_cv_env_LDFLAGS_set=
ac_cv_env_LDFLAGS_value=
ac_cv_env_LIBS_set=
ac_cv_env_LIBS_value=
ac_cv_env_build_alias_set=
ac_cv_env_build_alias_value=
ac_cv_env_host_alias_set=
ac_cv_env_host_alias_value=
ac_cv_env_target_alias_set=
ac_cv_env_target_alias_value=
ac_cv_func_alarm=yes
ac_cv_func_fork=yes
ac_cv_func_fork_works=yes
ac_cv_func_gettimeofday=yes
ac_cv_func_localtime_r=yes
ac_cv_func_memset=yes
ac_cv_func_select=yes
ac_cv_func_setlocale=yes
ac_cv_func_socket=yes
ac_cv_func_strchr=yes
ac_cv_func_strerror=yes
ac_cv_func_strstr=yes
ac_cv_func_strtoul=yes
ac_cv_func_vfork=yes
ac_cv_func_vfork_works=yes
ac_cv_func_working_mktime=yes
ac_cv_have_decl_AF_CAN=no
ac_cv_have_decl_N_SLCAN=no
ac_cv_have_decl_PF_CAN=no
ac_cv_have_decl_SCM_TIMESTAMPING_OPT_STATS=no
ac_cv_have_decl_SO_RXQ_OVFL=no
ac_cv_header_dlfcn_h=yes
ac_cv_header_fcntl_h=yes
ac_cv_header_inttypes_h=yes
ac_cv_header_limits_h=yes
ac_cv_header_locale_h=yes
ac_cv_header_memory_h=yes
ac_cv_header_netinet_in_h=yes
ac_cv_header_stdc=yes
ac_cv_header_stdint_h=yes
ac_cv_header_stdlib_h=yes
ac_cv_header_string_h=yes
ac_cv_header_strings_h=yes
ac_cv_header_sys_ioctl_h=yes
ac_cv_header_sys_socket_h=yes
ac_cv_header_sys_stat_h=yes
ac_cv_header_sys_time_h=yes
ac_cv_header_sys_types_h=yes
ac_cv_header_syslog_h=yes
ac_cv_header_termios_h=yes
ac_cv_header_time=yes
ac_cv_header_unistd_h=yes
ac_cv_header_vfork_h=no
ac_cv_host=x86_64-unknown-linux-gnu
ac_cv_objext=o
ac_cv_path_EGREP='/usr/bin/grep -E'
ac_cv_path_FGREP='/usr/bin/grep -F'
ac_cv_path_GREP=/usr/bin/grep
ac_cv_path_SED=/usr/bin/sed
ac_cv_path_install='/usr/bin/install -c'
ac_cv_path_mkdir=/usr/bin/mkdir
ac_cv_prog_AWK=gawk
ac_cv_prog_CPP='gcc -E'
ac_cv_prog_ac_ct_AR=ar
ac_cv_prog_ac_ct_CC=gcc
ac_cv_prog_ac_ct_OBJDUMP=objdump
ac_cv_prog_ac_ct_RANLIB=ranlib
ac_cv_prog_ac_ct_STRIP=strip
ac_cv_prog_cc_c89=
ac_cv_prog_cc_g=yes
ac_cv_prog_make_make_set=yes
ac_cv_search_clock_nanosleep='none required'
ac_cv_sys_file_offset_bits=no
ac_cv_sys_largefile_CC=no
ac_cv_type_off_t=yes
ac_cv_type_pid_t=yes
am_cv_CC_dependencies_compiler_type=gcc3
am_cv_make_support_nested_variables=yes
lt_cv_ar_at_file=@
lt_cv_archive_cmds_need_lc=no
lt_cv_deplibs_check_method=pass_all
lt_cv_file_magic_cmd='$MAGIC_CMD'
lt_cv_file_magic_test_file=
lt_cv_ld_reload_flag=-r
lt_cv_nm_interface='BSD nm'
lt_cv_objdir=.libs
lt_cv_path_LD=/usr/bin/ld
lt_cv_path_NM='/usr/bin/nm -B'
lt_cv_path_mainfest_tool=no
lt_cv_prog_compiler_c_o=yes
lt_cv_prog_compiler_pic='-fPIC -DPIC'
lt_cv_prog_compiler_pic_works=yes
lt_cv_prog_compiler_rtti_exceptions=no
lt_cv_prog_compiler_static_works=no
lt_cv_prog_gnu_ld=yes
lt_cv_sharedlib_from_linklib_cmd='printf %s\n'
lt_cv_shlibpath_overrides_runpath=no
lt_cv_sys_global_symbol_pipe='sed -n -e '\''s/^.*[	 ]\([ABCDGIRSTW][ABCDGIRSTW]*\)[	 ][	 ]*\([_A-Za-z][_A-Za-z0-9]*\)$/\1 \2 \2/p'\'' | sed '\''/ __gnu_lto/d'\'''
lt_cv_sys_global_symbol_to_c_name_address='sed -n -e '\''s/^: \([^ ]*\)[ ]*$/  {\"\1\", (void *) 0},/p'\'' -e '\''s/^[ABCDGIRSTW]* \([^ ]*\) \([^ ]*\)$/  {"\2", (void *) \&\2},/p'\'''
lt_cv_sys_global_symbol_to_c_name_address_lib_prefix='sed -n -e '\''s/^: \([^ ]*\)[ ]*$/  {\"\1\", (void *) 0},/p'\'' -e '\''s/^[ABCDGIRSTW]* \([^ ]*\) \(lib[^ ]*\)$/  {"\2", (void *) \&\2},/p'\'' -e '\''s/^[ABCDGIRSTW]* \([^ ]*\) \([^ ]*\)$/  {"lib\2", (void *) \&\2},/p'\'''
lt_cv_sys_global_symbol_to_cdecl='sed -n -e '\''s/^T .* \(.*\)$/extern int \1();/p'\'' -e '\''s/^[ABCDGIRSTW]* .* \(.*\)$/extern char \1;/p'\'''
lt_cv_sys_max_cmd_len=1572864
lt_cv_to_host_file_cmd=func_convert_file_noop
lt_cv_to_tool_file_cmd=func_convert_file_noop

## ----------------- ##
## Output variables. ##
## ----------------- ##

ACLOCAL='${SHELL} /home/Anicdote/Desktop/BOLT/can-utils/config/autoconf/missing aclocal-1.13'
AMDEPBACKSLASH='\'
AMDEP_FALSE='#'
AMDEP_TRUE=''
AMTAR='$${TAR-tar}'
AM_BACKSLASH='\'
AM_DEFAULT_V='$(AM_DEFAULT_VERBOSITY)'
AM_DEFAULT_VERBOSITY='0'
AM_V='$(V)'
AR='ar'
AS='as'
AUTOCONF='${SHELL} /home/Anicdote/Desktop/BOLT/can-utils/config/autoconf/missing autoconf'
AUTOHEADER='${SHELL} /home/Anicdote/Desktop/BOLT/can-utils/config/autoconf/missing autoheader'
AUTOMAKE='${SHELL} /home/Anicdote/Desktop/BOLT/can-utils/config/autoconf/missing automake-1.13'
AWK='gawk'
CC='gcc'
CCDEPMODE='depmode=gcc3'
CFLAGS=' -Wall -O2'
CPP='gcc -E'
CPPFLAGS=''
CYGPATH_W='echo'
DEFS='-DPACKAGE_NAME=\"can-utils\" -DPACKAGE_TARNAME=\"can-utils\" -DPACKAGE_VERSION=\"trunk\" -DPACKAGE_STRING=\"can-utils\ trunk\" -DPACKAGE_BUGREPORT=\"linux-can@vger.kernel.org\" -DPACKAGE_URL=\"\" -DSTDC_HEADERS=1 -DHAVE_SYS_TYPES_H=1 -DHAVE_SYS_STAT_H=1 -DHAVE_STDLIB_H=1 -DHAVE_STRING_H=1 -DHAVE_MEMORY_H=1 -DHAVE_STRINGS_H=1 -DHAVE_INTTYPES_H=1 -DHAVE_STDINT_H=1 -DHAVE_UNISTD_H=1 -DHAVE_DLFCN_H=1 -DLT_OBJDIR=\".libs/\" -DPACKAGE=\"can-utils\" -DVERSION=\"trunk\" -DHAVE_FCNTL_H=1 -DHAVE_LIMITS_H=1 -DHAVE_LOCALE_H=1 -DHAVE_STDINT_H=1 -DHAVE_STDLIB_H=1 -DHAVE_STRING_H=1 -DHAVE_SYSLOG_H=1 -DHAVE_TERMIOS_H=1 -DHAVE_UNISTD_H=1 -DHAVE_NETINET_IN_H=1 -DHAVE_SYS_IOCTL_H=1 -DHAVE_SYS_SOCKET_H=1 -DHAVE_SYS_TIME_H=1 -DHAVE_FORK=1 -DHAVE_VFORK=1 -DHAVE_WORKING_VFORK=1 -DHAVE_WORKING_FORK=1 -DTIME_WITH_SYS_TIME=1 -DHAVE_SYS_TIME_H=1 -DHAVE_UNISTD_H=1 -DHAVE_ALARM=1 -DHAVE_ALARM=1 -DHAVE_GETTIMEOFDAY=1 -DHAVE_LOCALTIME_R=1 -DHAVE_MEMSET=1 -DHAVE_SELECT=1 -DHAVE_SETLOCALE=1 -DHAVE_SOCKET=1 -DHAVE_STRCHR=1 -DHAVE_STRERROR=1 -DHAVE_STRSTR=1 -DHAVE_STRTOUL=1 -DSO_RXQ_OVFL=40 -DPF_CAN=29 -DAF_CAN=PF_CAN -DN_SLCAN=17 -DSCM_TIMESTAMPING_OPT_STATS=54 -D_GNU_SOURCE=1'
DEPDIR='.deps'
DLLTOOL='false'
DSYMUTIL=''
DUMPBIN=''
ECHO_C=''
ECHO_N='-n'
ECHO_T=''
EGREP='/usr/bin/grep -E'
EXEEXT=''
FGREP='/usr/bin/grep -F'
GREP='/usr/bin/grep'
INSTALL_DATA='${INSTALL} -m 644'
INSTALL_PROGRAM='${INSTALL}'
INSTALL_SCRIPT='${INSTALL}'
INSTALL_STRIP_PROGRAM='$(install_sh) -c -s'
LD='/usr/bin/ld -m elf_x86_64'
LDFLAGS=''
LIBOBJS=''
LIBS=''
LIBTOOL='$(SHELL) $(top_builddir)/libtool'
LIPO=''
LN_S='ln -s'
LTLIBOBJS=''
MAKEINFO='${SHELL} /home/Anicdote/Desktop/BOLT/can-utils/config/autoconf/missing makeinfo'
MANIFEST_TOOL=':'
MKDIR_P='/usr/bin/mkdir -p'
NM='/usr/bin/nm -B'
NMEDIT=''
OBJDUMP='objdump'
OBJEXT='o'
OTOOL64=''
OTOOL=''
PACKAGE='can-utils'
PACKAGE_BUGREPORT='linux-can@vger.kernel.org'
PACKAGE_NAME='can-utils'
PACKAGE_STRING='can-utils trunk'
PACKAGE_TARNAME='can-utils'
PACKAGE_URL=''
PACKAGE_VERSION='trunk'
PATH_SEPARATOR=':'
RANLIB='ranlib'
SED='/usr/bin/sed'
SET_MAKE=''
SHELL='/bin/sh'
STRIP='strip'
VERSION='trunk'
ac_ct_AR='ar'
ac_ct_CC='gcc'
ac_ct_DUMPBIN=''
am__EXEEXT_FALSE=''
am__EXEEXT_TRUE='#'
am__fastdepCC_FALSE='#'
am__fastdepCC_TRUE=''
am__include='include'
am__isrc=''
am__leading_dot='.'
am__nodep='_no'
am__quote=''
am__tar='$${TAR-tar} chof - "$$tardir"'
am__untar='$${TAR-tar} xf -'
bindir='${exec_prefix}/bin'
build='x86_64-unknown-linux-gnu'
build_alias=''
build_cpu='x86_64'
build_os='linux-gnu'
build_vendor='unknown'
datadir='${datarootdir}'
datarootdir='${prefix}/share'
docdir='${datarootdir}/doc/${PACKAGE_TARNAME}'
dvidir='${docdir}'
exec_prefix='${prefix}'
host='x86_64-unknown-linux-gnu'
host_alias=''
host_cpu='x86_64'
host_os='linux-gnu'
host_vendor='unknown'
htmldir='${docdir}'
includedir='${prefix}/include'
infodir='${datarootdir}/info'
install_sh='${SHELL} /home/Anicdote/Desktop/BOLT/can-utils/config/autoconf/install-sh'
libdir='${exec_prefix}/lib'
libexecdir='${exec_prefix}/libexec'
localedir='${datarootdir}/locale'
localstatedir='${prefix}/var'
mandir='${datarootdir}/man'
mkdir_p='$(MKDIR_P)'
oldincludedir='/usr/include'
pdfdir='${docdir}'
prefix='/usr/local'
program_transform_name='s,x,x,'
psdir='${docdir}'
sbindir='${exec_prefix}/sbin'
sharedstatedir='${prefix}/com'
sysconfdir='${prefix}/etc'
target_alias=''

## ----------- ##
## confdefs.h. ##
## ----------- ##

/* confdefs.h */
#define PACKAGE_NAME "can-utils"
#define PACKAGE_TARNAME "can-utils"
#define PACKAGE_VERSION "trunk"
#define PACKAGE_STRING "can-utils trunk"
#define PACKAGE_BUGREPORT "linux-can@vger.kernel.org"
#define PACKAGE_URL ""
#define STDC_HEADERS 1
#define HAVE_SYS_TYPES_H 1
#define HAVE_SYS_STAT_H 1
#define HAVE_STDLIB_H 1
#define HAVE_STRING_H 1
#define HAVE_MEMORY_H 1
#define HAVE_STRINGS_H 1
#define HAVE_INTTYPES_H 1
#define HAVE_STDINT_H 1
#define HAVE_UNISTD_H 1
#define HAVE_DLFCN_H 1
#define LT_OBJDIR ".libs/"
#define PACKAGE "can-utils"
#define VERSION "trunk"
#define HAVE_FCNTL_H 1
#define HAVE_LIMITS_H 1
#define HAVE_LOCALE_H 1
#define HAVE_STDINT_H 1
#define HAVE_STDLIB_H 1
#define HAVE_STRING_H 1
#define HAVE_SYSLOG_H 1
#define HAVE_TERMIOS_H 1
#define HAVE_UNISTD_H 1
#define HAVE_NETINET_IN_H 1
#define HAVE_SYS_IOCTL_H 1
#define HAVE_SYS_SOCKET_H 1
#define HAVE_SYS_TIME_H 1
#define HAVE_FORK 1
#define HAVE_VFORK 1
#define HAVE_WORKING_VFORK 1
#define HAVE_WORKING_FORK 1
#define TIME_WITH_SYS_TIME 1
#define HAVE_SYS_TIME_H 1
#define HAVE_UNISTD_H 1
#define HAVE_ALARM 1
#define HAVE_ALARM 1
#define HAVE_GETTIMEOFDAY 1
#define HAVE_LOCALTIME_R 1
#define HAVE_MEMSET 1
#define HAVE_SELECT 1
#define HAVE_SETLOCALE 1
#define HAVE_SOCKET 1
#define HAVE_STRCHR 1
#define HAVE_STRERROR 1
#define HAVE_STRSTR 1
#define HAVE_STRTOUL 1
#define SO_RXQ_OVFL 40
#define PF_CAN 29
#define AF_CAN PF_CAN
#define N_SLCAN 17
#define SCM_TIMESTAMPING_OPT_STATS 54
#define _GNU_SOURCE 1

configure: exit 0
